[09-Feb-2020 16:55:59 Europe/Berlin] PHP Warning:  Illegal string offset 'mandatory' in C:\xampp\htdocs\autotemp\generate.php on line 31
[09-Feb-2020 16:55:59 Europe/Berlin] PHP Notice:  Uninitialized string offset: 0 in C:\xampp\htdocs\autotemp\generate.php on line 31
[09-Feb-2020 16:55:59 Europe/Berlin] PHP Notice:  Trying to get property 'mandatory' of non-object in C:\xampp\htdocs\autotemp\generate.php on line 35
[09-Feb-2020 16:55:59 Europe/Berlin] PHP Notice:  Trying to get property 'siteName' of non-object in C:\xampp\htdocs\autotemp\generate.php on line 35
[09-Feb-2020 16:55:59 Europe/Berlin] PHP Notice:  Trying to get property 'mandatory' of non-object in C:\xampp\htdocs\autotemp\generate.php on line 36
[09-Feb-2020 16:55:59 Europe/Berlin] PHP Notice:  Trying to get property 'hero_header_title' of non-object in C:\xampp\htdocs\autotemp\generate.php on line 36
[09-Feb-2020 16:55:59 Europe/Berlin] PHP Notice:  Trying to get property 'mandatory' of non-object in C:\xampp\htdocs\autotemp\generate.php on line 37
[09-Feb-2020 16:55:59 Europe/Berlin] PHP Notice:  Trying to get property 'hero_header_subtitle' of non-object in C:\xampp\htdocs\autotemp\generate.php on line 37
[09-Feb-2020 16:55:59 Europe/Berlin] PHP Notice:  Trying to get property 'mandatory' of non-object in C:\xampp\htdocs\autotemp\generate.php on line 38
[09-Feb-2020 16:55:59 Europe/Berlin] PHP Notice:  Trying to get property 'aboutYouPhoto' of non-object in C:\xampp\htdocs\autotemp\generate.php on line 38
[09-Feb-2020 16:55:59 Europe/Berlin] PHP Notice:  Trying to get property 'imgURLimport' of non-object in C:\xampp\htdocs\autotemp\generate.php on line 38
[09-Feb-2020 16:55:59 Europe/Berlin] PHP Notice:  Trying to get property 'mandatory' of non-object in C:\xampp\htdocs\autotemp\generate.php on line 39
[09-Feb-2020 16:55:59 Europe/Berlin] PHP Notice:  Trying to get property 'aboutYou' of non-object in C:\xampp\htdocs\autotemp\generate.php on line 39
[09-Feb-2020 16:55:59 Europe/Berlin] PHP Notice:  Trying to get property 'mandatory' of non-object in C:\xampp\htdocs\autotemp\generate.php on line 40
[09-Feb-2020 16:55:59 Europe/Berlin] PHP Notice:  Trying to get property 'heroPhoto' of non-object in C:\xampp\htdocs\autotemp\generate.php on line 40
[09-Feb-2020 16:55:59 Europe/Berlin] PHP Notice:  Trying to get property 'imgURLimport' of non-object in C:\xampp\htdocs\autotemp\generate.php on line 40
[09-Feb-2020 16:57:15 Europe/Berlin] PHP Notice:  Uninitialized string offset: 0 in C:\xampp\htdocs\autotemp\generate.php on line 33
[09-Feb-2020 16:57:15 Europe/Berlin] PHP Notice:  Trying to get property 'mandatory' of non-object in C:\xampp\htdocs\autotemp\generate.php on line 35
[09-Feb-2020 16:57:15 Europe/Berlin] PHP Notice:  Trying to get property 'siteName' of non-object in C:\xampp\htdocs\autotemp\generate.php on line 35
[09-Feb-2020 16:57:15 Europe/Berlin] PHP Notice:  Trying to get property 'mandatory' of non-object in C:\xampp\htdocs\autotemp\generate.php on line 36
[09-Feb-2020 16:57:15 Europe/Berlin] PHP Notice:  Trying to get property 'hero_header_title' of non-object in C:\xampp\htdocs\autotemp\generate.php on line 36
[09-Feb-2020 16:57:15 Europe/Berlin] PHP Notice:  Trying to get property 'mandatory' of non-object in C:\xampp\htdocs\autotemp\generate.php on line 37
[09-Feb-2020 16:57:15 Europe/Berlin] PHP Notice:  Trying to get property 'hero_header_subtitle' of non-object in C:\xampp\htdocs\autotemp\generate.php on line 37
[09-Feb-2020 16:57:15 Europe/Berlin] PHP Notice:  Trying to get property 'mandatory' of non-object in C:\xampp\htdocs\autotemp\generate.php on line 38
[09-Feb-2020 16:57:15 Europe/Berlin] PHP Notice:  Trying to get property 'aboutYouPhoto' of non-object in C:\xampp\htdocs\autotemp\generate.php on line 38
[09-Feb-2020 16:57:15 Europe/Berlin] PHP Notice:  Trying to get property 'imgURLimport' of non-object in C:\xampp\htdocs\autotemp\generate.php on line 38
[09-Feb-2020 16:57:15 Europe/Berlin] PHP Notice:  Trying to get property 'mandatory' of non-object in C:\xampp\htdocs\autotemp\generate.php on line 39
[09-Feb-2020 16:57:15 Europe/Berlin] PHP Notice:  Trying to get property 'aboutYou' of non-object in C:\xampp\htdocs\autotemp\generate.php on line 39
[09-Feb-2020 16:57:15 Europe/Berlin] PHP Notice:  Trying to get property 'mandatory' of non-object in C:\xampp\htdocs\autotemp\generate.php on line 40
[09-Feb-2020 16:57:15 Europe/Berlin] PHP Notice:  Trying to get property 'heroPhoto' of non-object in C:\xampp\htdocs\autotemp\generate.php on line 40
[09-Feb-2020 16:57:15 Europe/Berlin] PHP Notice:  Trying to get property 'imgURLimport' of non-object in C:\xampp\htdocs\autotemp\generate.php on line 40
[10-Feb-2020 12:18:26 Europe/Berlin] PHP Notice:  Trying to get property 'mandatory' of non-object in C:\xampp\htdocs\autotemp\generate.php on line 35
[10-Feb-2020 12:18:26 Europe/Berlin] PHP Notice:  Trying to get property 'siteName' of non-object in C:\xampp\htdocs\autotemp\generate.php on line 35
[10-Feb-2020 12:18:26 Europe/Berlin] PHP Notice:  Trying to get property 'mandatory' of non-object in C:\xampp\htdocs\autotemp\generate.php on line 36
[10-Feb-2020 12:18:26 Europe/Berlin] PHP Notice:  Trying to get property 'hero_header_title' of non-object in C:\xampp\htdocs\autotemp\generate.php on line 36
[10-Feb-2020 12:18:26 Europe/Berlin] PHP Notice:  Trying to get property 'mandatory' of non-object in C:\xampp\htdocs\autotemp\generate.php on line 37
[10-Feb-2020 12:18:26 Europe/Berlin] PHP Notice:  Trying to get property 'hero_header_subtitle' of non-object in C:\xampp\htdocs\autotemp\generate.php on line 37
[10-Feb-2020 12:18:26 Europe/Berlin] PHP Notice:  Trying to get property 'mandatory' of non-object in C:\xampp\htdocs\autotemp\generate.php on line 38
[10-Feb-2020 12:18:26 Europe/Berlin] PHP Notice:  Trying to get property 'aboutYouPhoto' of non-object in C:\xampp\htdocs\autotemp\generate.php on line 38
[10-Feb-2020 12:18:26 Europe/Berlin] PHP Notice:  Trying to get property 'imgURLimport' of non-object in C:\xampp\htdocs\autotemp\generate.php on line 38
[10-Feb-2020 12:18:26 Europe/Berlin] PHP Notice:  Trying to get property 'mandatory' of non-object in C:\xampp\htdocs\autotemp\generate.php on line 39
[10-Feb-2020 12:18:26 Europe/Berlin] PHP Notice:  Trying to get property 'aboutYou' of non-object in C:\xampp\htdocs\autotemp\generate.php on line 39
[10-Feb-2020 12:18:26 Europe/Berlin] PHP Notice:  Trying to get property 'mandatory' of non-object in C:\xampp\htdocs\autotemp\generate.php on line 40
[10-Feb-2020 12:18:26 Europe/Berlin] PHP Notice:  Trying to get property 'heroPhoto' of non-object in C:\xampp\htdocs\autotemp\generate.php on line 40
[10-Feb-2020 12:18:26 Europe/Berlin] PHP Notice:  Trying to get property 'imgURLimport' of non-object in C:\xampp\htdocs\autotemp\generate.php on line 40
[10-Feb-2020 12:18:29 Europe/Berlin] PHP Notice:  Undefined variable: replacer in C:\xampp\htdocs\autotemp\index.php on line 17
[10-Feb-2020 12:18:29 Europe/Berlin] PHP Warning:  count(): Parameter must be an array or an object that implements Countable in C:\xampp\htdocs\autotemp\index.php on line 17
[10-Feb-2020 12:18:29 Europe/Berlin] PHP Notice:  Undefined variable: placeholder in C:\xampp\htdocs\autotemp\index.php on line 17
[10-Feb-2020 12:18:29 Europe/Berlin] PHP Warning:  count(): Parameter must be an array or an object that implements Countable in C:\xampp\htdocs\autotemp\index.php on line 17
[10-Feb-2020 12:18:29 Europe/Berlin] PHP Notice:  Undefined variable: replacer in C:\xampp\htdocs\autotemp\index.php on line 19
[10-Feb-2020 12:18:29 Europe/Berlin] PHP Warning:  Invalid argument supplied for foreach() in C:\xampp\htdocs\autotemp\index.php on line 19
[10-Feb-2020 12:19:05 Europe/Berlin] PHP Notice:  Trying to get property 'mandatory' of non-object in C:\xampp\htdocs\autotemp\generate.php on line 35
[10-Feb-2020 12:19:05 Europe/Berlin] PHP Notice:  Trying to get property 'siteName' of non-object in C:\xampp\htdocs\autotemp\generate.php on line 35
[10-Feb-2020 12:19:05 Europe/Berlin] PHP Notice:  Trying to get property 'mandatory' of non-object in C:\xampp\htdocs\autotemp\generate.php on line 36
[10-Feb-2020 12:19:05 Europe/Berlin] PHP Notice:  Trying to get property 'hero_header_title' of non-object in C:\xampp\htdocs\autotemp\generate.php on line 36
[10-Feb-2020 12:19:05 Europe/Berlin] PHP Notice:  Trying to get property 'mandatory' of non-object in C:\xampp\htdocs\autotemp\generate.php on line 37
[10-Feb-2020 12:19:05 Europe/Berlin] PHP Notice:  Trying to get property 'hero_header_subtitle' of non-object in C:\xampp\htdocs\autotemp\generate.php on line 37
[10-Feb-2020 12:19:05 Europe/Berlin] PHP Notice:  Trying to get property 'mandatory' of non-object in C:\xampp\htdocs\autotemp\generate.php on line 38
[10-Feb-2020 12:19:05 Europe/Berlin] PHP Notice:  Trying to get property 'aboutYouPhoto' of non-object in C:\xampp\htdocs\autotemp\generate.php on line 38
[10-Feb-2020 12:19:05 Europe/Berlin] PHP Notice:  Trying to get property 'imgURLimport' of non-object in C:\xampp\htdocs\autotemp\generate.php on line 38
[10-Feb-2020 12:19:05 Europe/Berlin] PHP Notice:  Trying to get property 'mandatory' of non-object in C:\xampp\htdocs\autotemp\generate.php on line 39
[10-Feb-2020 12:19:05 Europe/Berlin] PHP Notice:  Trying to get property 'aboutYou' of non-object in C:\xampp\htdocs\autotemp\generate.php on line 39
[10-Feb-2020 12:19:05 Europe/Berlin] PHP Notice:  Trying to get property 'mandatory' of non-object in C:\xampp\htdocs\autotemp\generate.php on line 40
[10-Feb-2020 12:19:05 Europe/Berlin] PHP Notice:  Trying to get property 'heroPhoto' of non-object in C:\xampp\htdocs\autotemp\generate.php on line 40
[10-Feb-2020 12:19:05 Europe/Berlin] PHP Notice:  Trying to get property 'imgURLimport' of non-object in C:\xampp\htdocs\autotemp\generate.php on line 40
[10-Feb-2020 12:21:25 Europe/Berlin] PHP Notice:  Undefined variable: siteData in C:\xampp\htdocs\autotemp\generate.php on line 55
[10-Feb-2020 12:21:25 Europe/Berlin] PHP Warning:  Invalid argument supplied for foreach() in C:\xampp\htdocs\autotemp\generate.php on line 55
[02-Mar-2020 13:07:48 Europe/Berlin] PHP Notice:  Undefined variable: data in C:\xampp\htdocs\autotemp\generate.php on line 22
[02-Mar-2020 13:07:48 Europe/Berlin] PHP Notice:  Trying to get property 'templateId' of non-object in C:\xampp\htdocs\autotemp\generate.php on line 22
[02-Mar-2020 13:07:48 Europe/Berlin] PHP Warning:  parse_ini_file(templates/.ini): failed to open stream: No such file or directory in C:\xampp\htdocs\autotemp\generate.php on line 22
[02-Mar-2020 13:07:48 Europe/Berlin] PHP Notice:  Undefined variable: data in C:\xampp\htdocs\autotemp\generate.php on line 25
[02-Mar-2020 13:07:48 Europe/Berlin] PHP Notice:  Trying to get property 'templateId' of non-object in C:\xampp\htdocs\autotemp\generate.php on line 25
[02-Mar-2020 13:07:48 Europe/Berlin] PHP Notice:  Undefined variable: data in C:\xampp\htdocs\autotemp\generate.php on line 26
[02-Mar-2020 13:07:48 Europe/Berlin] PHP Notice:  Trying to get property 'templateId' of non-object in C:\xampp\htdocs\autotemp\generate.php on line 26
