Array
(
)
Array
(
    [nalogo] => saasdd
    [namaintitle] => dasda
    [nasubtitlepgf] => dasdasd
    [naherobutton] => dasdasdas
    [naheroimg] => 
    [natestimonialname] => 
    [natestimonialpgf] => 
    [natestimonialimg] => 
)
Array
(
)
Array
(
    [req] => 
    [nalogo] => xxx
    [namaintitle] => xasdsa
    [nasubtitlepgf] => asfsaf
    [naherobutton] => fasfas
    [naheroimg] => 
    [natestimonialname] => 
    [natestimonialpgf] => 
    [natestimonialimg] => 
)
Array
(
)
Array
(
    [req] => 
    [nalogo] => We're Venom
    [namaintitle] => We're Venom
    [nasubtitlepgf] => We're Venom
    [naherobutton] => We're Venom
    [naheroimg] => Arjen-Robben-Widescreen.jpg
    [natestimonialname] => We're Venom
    [natestimonialpgf] => We're Venom
    [natestimonialimg] => imgnaheroimg.jpg
)
Array
(
    [req] => 
    [nalogo] => We're Venom
    [namaintitle] => We're Venom
    [nasubtitlepgf] => We're Venom
    [naherobutton] => We're Venom
    [naheroimg] => Arjen-Robben-Widescreen.jpg
    [natestimonialname] => We're Venom
    [natestimonialpgf] => We're Venom
    [natestimonialimg] => imgnaheroimg.jpg
)
Array
(
)
Array
(
    [req] => 
    [nalogo] => We're Venom
    [namaintitle] => We're Venom
    [nasubtitlepgf] => We're Venom
    [naherobutton] => We're Venom
    [natestimonialname] => We're Venom
    [natestimonialpgf] => We're Venom
)
Array
(
    [req] => 
    [nalogo] => We're Venom
    [namaintitle] => We're Venom
    [nasubtitlepgf] => We're Venom
    [naherobutton] => We're Venom
    [natestimonialname] => We're Venom
    [natestimonialpgf] => We're Venom
)
Array
(
)
Array
(
)
Array
(
    [req] => 
    [nalogo] => DASdasf
    [namaintitle] => dfasfas
    [nasubtitlepgf] => fasfas
    [naherobutton] => fasf
    [natestimonialname] => 
    [natestimonialpgf] => 
)
Array
(
    [req] => 
    [nalogo] => DASdasf
    [namaintitle] => dfasfas
    [nasubtitlepgf] => fasfas
    [naherobutton] => fasf
    [natestimonialname] => 
    [natestimonialpgf] => 
)
Array
(
    [req] => 
    [nalogo] => DASdasf
    [namaintitle] => dfasfas
    [nasubtitlepgf] => fasfas
    [naherobutton] => fasf
    [natestimonialname] => 
    [natestimonialpgf] => 
)
Array
(
)
Array
(
    [req] => 
    [nalogo] => dasdas
    [namaintitle] => dsadas
    [nasubtitlepgf] => dasda
    [naherobutton] => dasdas
    [natestimonialname] => 
    [natestimonialpgf] => 
)
Array
(
    [req] => 
    [nalogo] => dasdas
    [namaintitle] => dsadas
    [nasubtitlepgf] => dasda
    [naherobutton] => dasdas
    [natestimonialname] => 
    [natestimonialpgf] => 
)
Array
(
    [req] => 
    [nalogo] => dasdas
    [namaintitle] => dsadas
    [nasubtitlepgf] => dasda
    [naherobutton] => dasdas
    [natestimonialname] => 
    [natestimonialpgf] => 
)
Array
(
)
Array
(
    [req] => 
    [nalogo] => sadasf
    [namaintitle] => dasd
    [nasubtitlepgf] => dasfdas
    [naherobutton] => 
    [natestimonialname] => 
    [natestimonialpgf] => 
)
Array
(
    [req] => 
    [nalogo] => sadasf
    [namaintitle] => dasd
    [nasubtitlepgf] => dasfdas
    [naherobutton] => 
    [natestimonialname] => 
    [natestimonialpgf] => 
)
Array
(
)
Array
(
    [req] => 
    [nalogo] => dasd
    [namaintitle] => dsad
    [nasubtitlepgf] => dasdas
    [naherobutton] => dsadas
    [natestimonialname] => 
    [natestimonialpgf] => 
)
Array
(
)
Array
(
)
Array
(
    [nalogo] => dasd
    [namaintitle] => dasd
    [nasubtitlepgf] => dasda
    [naherobutton] => 
    [natestimonialname] => 
    [natestimonialpgf] => 
)
Array
(
)
Array
(
)
Array
(
    [req] => 
    [nalogo] => ,mb,b,
    [namaintitle] => 
    [nasubtitlepgf] => 
    [naherobutton] => 
    [natestimonialname] => 
    [natestimonialpgf] => 
)
Array
(
)
Array
(
)
Array
(
)
Array
(
)
Array
(
    [req] => 
    [nalogo] => ,mb,b,mb,b
    [namaintitle] => 
    [nasubtitlepgf] => 
    [naherobutton] => 
    [naheroimg] => mo-salah-iphone-wallpaper-lockscreen-black-white.jpg
    [natestimonialname] => 
    [natestimonialpgf] => 
    [natestimonialimg] => 
)
Array
(
)
Array
(
)
Array
(
    [req] => 
    [nalogo] => ,mbn,b
    [namaintitle] => ,mn,mb
    [nasubtitlepgf] => 
    [naherobutton] => 
    [natestimonialname] => 
    [natestimonialpgf] => 
)
Array
(
)
Array
(
    [req] => 
    [nalogo] => ,mbn,bdasda
    [namaintitle] => ,mn,mb
    [nasubtitlepgf] => 
    [naherobutton] => 
    [natestimonialname] => 
    [natestimonialpgf] => 
)
Array
(
    [req] => 
    [nalogo] => ,mbn,bdasda
    [namaintitle] => ,mn,mb
    [nasubtitlepgf] => 
    [naherobutton] => 
    [natestimonialname] => 
    [natestimonialpgf] => 
)
Array
(
)
Array
(
    [req] => 
    [nalogo] => dasdasd
    [namaintitle] => dasda
    [nasubtitlepgf] => 
    [naherobutton] => 
    [natestimonialname] => 
    [natestimonialpgf] => 
)
Array
(
)
Array
(
)
Array
(
    [req] => 
    [nalogo] => dasda
    [namaintitle] => fdasfas
    [nasubtitlepgf] => 
    [naherobutton] => 
    [natestimonialname] => 
    [natestimonialpgf] => 
)
Array
(
    [req] => 
    [nalogo] => dasda
    [namaintitle] => fdasfas
    [nasubtitlepgf] => 
    [naherobutton] => 
    [natestimonialname] => 
    [natestimonialpgf] => 
)
Array
(
    [naheroimg] => Array
        (
            [name] => Arjen-Robben-Widescreen.jpg
            [type] => image/jpeg
            [tmp_name] => C:\xampp\tmp\phpC7AB.tmp
            [error] => 0
            [size] => 192578
        )

    [natestimonialimg] => Array
        (
            [name] => 
            [type] => 
            [tmp_name] => 
            [error] => 4
            [size] => 0
        )

)
Array
(
    [req] => 
    [nalogo] => dasda
    [namaintitle] => fdasfas
    [nasubtitlepgf] => 
    [naherobutton] => 
    [natestimonialname] => 
    [natestimonialpgf] => 
)
Array
(
    [naheroimg] => Array
        (
            [name] => Arjen-Robben-Widescreen.jpg
            [type] => image/jpeg
            [tmp_name] => C:\xampp\tmp\phpDF22.tmp
            [error] => 0
            [size] => 192578
        )

    [natestimonialimg] => Array
        (
            [name] => 
            [type] => 
            [tmp_name] => 
            [error] => 4
            [size] => 0
        )

)
Array
(
    [req] => 
    [nalogo] => dasda
    [namaintitle] => fdasfas
    [nasubtitlepgf] => 
    [naherobutton] => 
    [natestimonialname] => 
    [natestimonialpgf] => 
)
Array
(
    [naheroimg] => Array
        (
            [name] => Arjen-Robben-Widescreen.jpg
            [type] => image/jpeg
            [tmp_name] => C:\xampp\tmp\php1983.tmp
            [error] => 0
            [size] => 192578
        )

    [natestimonialimg] => Array
        (
            [name] => 
            [type] => 
            [tmp_name] => 
            [error] => 4
            [size] => 0
        )

)
Array
(
    [req] => 
    [nalogo] => dasda
    [namaintitle] => fdasfas
    [nasubtitlepgf] => 
    [naherobutton] => 
    [natestimonialname] => 
    [natestimonialpgf] => 
)
Array
(
    [naheroimg] => Array
        (
            [name] => Arjen-Robben-Widescreen.jpg
            [type] => image/jpeg
            [tmp_name] => C:\xampp\tmp\phpB86.tmp
            [error] => 0
            [size] => 192578
        )

    [natestimonialimg] => Array
        (
            [name] => 
            [type] => 
            [tmp_name] => 
            [error] => 4
            [size] => 0
        )

)
Array
(
)
Array
(
)
Array
(
    [req] => 
    [nalogo] => dfasfas
    [namaintitle] => fsafa
    [nasubtitlepgf] => asdfa
    [naherobutton] => da
)
Array
(
    [naheroimg] => Array
        (
            [name] => Arjen-Robben-Widescreen.jpg
            [type] => image/jpeg
            [tmp_name] => C:\xampp\tmp\php5FC2.tmp
            [error] => 0
            [size] => 192578
        )

)
Array
(
    [req] => 
    [nalogo] => dfasfas
    [namaintitle] => fsafa
    [nasubtitlepgf] => asdfa
    [naherobutton] => da
)
Array
(
    [naheroimg] => Array
        (
            [name] => Arjen-Robben-Widescreen.jpg
            [type] => image/jpeg
            [tmp_name] => C:\xampp\tmp\php1553.tmp
            [error] => 0
            [size] => 192578
        )

)
Array
(
    [req] => 
    [nalogo] => dfasfas
    [namaintitle] => fsafa
    [nasubtitlepgf] => asdfa
    [naherobutton] => da
)
Array
(
    [naheroimg] => Array
        (
            [name] => Arjen-Robben-Widescreen.jpg
            [type] => image/jpeg
            [tmp_name] => C:\xampp\tmp\phpAB65.tmp
            [error] => 0
            [size] => 192578
        )

)
Array
(
    [req] => 
    [nalogo] => dfasfas
    [namaintitle] => fsafa
    [nasubtitlepgf] => asdfa
    [naherobutton] => da
)
Array
(
    [naheroimg] => Array
        (
            [name] => Arjen-Robben-Widescreen.jpg
            [type] => image/jpeg
            [tmp_name] => C:\xampp\tmp\phpFBC8.tmp
            [error] => 0
            [size] => 192578
        )

)
Array
(
    [req] => 
    [nalogo] => dfasfas
    [namaintitle] => fsafa
    [nasubtitlepgf] => asdfa
    [naherobutton] => da
)
Array
(
    [naheroimg] => Array
        (
            [name] => Arjen-Robben-Widescreen.jpg
            [type] => image/jpeg
            [tmp_name] => C:\xampp\tmp\phpCB0F.tmp
            [error] => 0
            [size] => 192578
        )

)
Array
(
    [req] => 
    [nalogo] => dfasfas
    [namaintitle] => fsafa
    [nasubtitlepgf] => asdfa
    [naherobutton] => da
)
Array
(
    [naheroimg] => Array
        (
            [name] => Arjen-Robben-Widescreen.jpg
            [type] => image/jpeg
            [tmp_name] => C:\xampp\tmp\php645.tmp
            [error] => 0
            [size] => 192578
        )

)
Array
(
)
Array
(
)
Array
(
    [req] => 
    [nalogo] => We're Venom
    [namaintitle] => We're Venom
    [nasubtitlepgf] => We're Venom
    [naherobutton] => We're Venom
    [natestimonialname] => We're Venom
    [natestimonialpgf] => We're Venom
)
Array
(
    [naheroimg] => Array
        (
            [name] => MSala.jpg
            [type] => image/jpeg
            [tmp_name] => C:\xampp\tmp\phpE9D0.tmp
            [error] => 0
            [size] => 246586
        )

    [natestimonialimg] => Array
        (
            [name] => imgnaheroimg.jpg
            [type] => image/jpeg
            [tmp_name] => C:\xampp\tmp\phpE9E0.tmp
            [error] => 0
            [size] => 9148065
        )

)
Array
(
    [req] => 
    [nalogo] => We're Venom
    [namaintitle] => We're Venom
    [nasubtitlepgf] => We're Venom
    [naherobutton] => We're Venom
    [natestimonialname] => We're Venom
    [natestimonialpgf] => We're Venom
)
Array
(
    [naheroimg] => Array
        (
            [name] => MSala.jpg
            [type] => image/jpeg
            [tmp_name] => C:\xampp\tmp\php32AD.tmp
            [error] => 0
            [size] => 246586
        )

    [natestimonialimg] => Array
        (
            [name] => imgnaheroimg.jpg
            [type] => image/jpeg
            [tmp_name] => C:\xampp\tmp\php32BE.tmp
            [error] => 0
            [size] => 9148065
        )

)
Array
(
    [req] => 
    [nalogo] => We're Venom
    [namaintitle] => We're Venom
    [nasubtitlepgf] => We're Venom
    [naherobutton] => We're Venom
    [natestimonialname] => We're Venom
    [natestimonialpgf] => We're Venom
)
Array
(
    [naheroimg] => Array
        (
            [name] => MSala.jpg
            [type] => image/jpeg
            [tmp_name] => C:\xampp\tmp\phpD567.tmp
            [error] => 0
            [size] => 246586
        )

    [natestimonialimg] => Array
        (
            [name] => imgnaheroimg.jpg
            [type] => image/jpeg
            [tmp_name] => C:\xampp\tmp\phpD578.tmp
            [error] => 0
            [size] => 9148065
        )

)
Array
(
    [req] => 
    [nalogo] => We're Venom
    [namaintitle] => We're Venom
    [nasubtitlepgf] => We're Venom
    [naherobutton] => We're Venom
    [natestimonialname] => We're Venom
    [natestimonialpgf] => We're Venom
)
Array
(
    [naheroimg] => Array
        (
            [name] => MSala.jpg
            [type] => image/jpeg
            [tmp_name] => C:\xampp\tmp\php47E.tmp
            [error] => 0
            [size] => 246586
        )

    [natestimonialimg] => Array
        (
            [name] => imgnaheroimg.jpg
            [type] => image/jpeg
            [tmp_name] => C:\xampp\tmp\php48F.tmp
            [error] => 0
            [size] => 9148065
        )

)
Array
(
    [req] => 
    [nalogo] => We're Venom
    [namaintitle] => We're Venom
    [nasubtitlepgf] => We're Venom
    [naherobutton] => We're Venom
    [natestimonialname] => We're Venom
    [natestimonialpgf] => We're Venom
)
Array
(
    [naheroimg] => Array
        (
            [name] => MSala.jpg
            [type] => image/jpeg
            [tmp_name] => C:\xampp\tmp\phpC124.tmp
            [error] => 0
            [size] => 246586
        )

    [natestimonialimg] => Array
        (
            [name] => imgnaheroimg.jpg
            [type] => image/jpeg
            [tmp_name] => C:\xampp\tmp\phpC145.tmp
            [error] => 0
            [size] => 9148065
        )

)
Array
(
)
Array
(
)
Array
(
    [req] => 
    [nalogo] => We're Venom
    [namaintitle] => We're Venom
    [nasubtitlepgf] => We're Venom
    [naherobutton] => We're Venom
    [nasection2title] => We're Venom
    [nasection2pgf] => We're Venom
    [natestimonialname] => We're Venom
    [natestimonialpgf] => We're Venom
)
Array
(
    [naheroimg] => Array
        (
            [name] => Arjen-Robben-Widescreen.jpg
            [type] => image/jpeg
            [tmp_name] => C:\xampp\tmp\php5DFE.tmp
            [error] => 0
            [size] => 192578
        )

    [nasection2img] => Array
        (
            [name] => MSala.jpg
            [type] => image/jpeg
            [tmp_name] => C:\xampp\tmp\php5E0F.tmp
            [error] => 0
            [size] => 246586
        )

    [natestimonialimg] => Array
        (
            [name] => Arjen-Robben-Widescreen.jpg
            [type] => image/jpeg
            [tmp_name] => C:\xampp\tmp\php5E1F.tmp
            [error] => 0
            [size] => 192578
        )

)
Array
(
)
Array
(
)
Array
(
)
Array
(
)
Array
(
    [req] => 
    [nalogo] => We're Venom
    [namaintitle] => We're Venom
    [nasubtitlepgf] => We're VenomWe're VenomWe're VenomWe're VenomWe're VenomWe're VenomWe're VenomWe're VenomWe're VenomWe're Venom
    [naherobutton] => We're Venom
    [nasection2title] => We're Venom
    [nasection2pgf] => We're VenomWe're VenomWe're VenomWe're VenomWe're VenomWe're VenomWe're VenomWe're Venom
    [natestimonialname] => We're Venom
    [natestimonialpgf] => We're VenomWe're VenomWe're VenomWe're VenomWe're VenomWe're VenomWe're VenomWe're VenomWe're VenomWe're VenomWe're VenomWe're VenomWe're VenomWe're Venom
)
Array
(
    [naheroimg] => Array
        (
            [name] => imgnaheroimg.jpg
            [type] => image/jpeg
            [tmp_name] => C:\xampp\tmp\phpB6E5.tmp
            [error] => 0
            [size] => 9148065
        )

    [nasection2img] => Array
        (
            [name] => right-img-2.png
            [type] => image/png
            [tmp_name] => C:\xampp\tmp\phpB753.tmp
            [error] => 0
            [size] => 33190
        )

    [natestimonialimg] => Array
        (
            [name] => photo-1524498250077-390f9e378fc0.jfif
            [type] => image/jpeg
            [tmp_name] => C:\xampp\tmp\phpB754.tmp
            [error] => 0
            [size] => 187733
        )

)
Array
(
)
Array
(
)
